<?xml version="1.0" encoding="UTF-8"?>
<!-- Generated by org.testng.reporters.JUnitReportReporter -->
<testsuite hostname="LAPTOP-J2EHUA6C" failures="0" tests="1" name="com.qa.tutorialsninja.TestCases.SearchProductTest" time="5.228" errors="0" timestamp="2023-12-23T15:19:16 EST" skipped="0">
  <testcase classname="com.qa.tutorialsninja.TestCases.SearchProductTest" name="verifySearchWithValidProductsAndVerifyProductDetails" time="5.228"/>
</testsuite> <!-- com.qa.tutorialsninja.TestCases.SearchProductTest -->
