<?xml version="1.0" encoding="UTF-8"?>
<!-- Generated by org.testng.reporters.JUnitReportReporter -->
<testsuite hostname="LAPTOP-J2EHUA6C" failures="0" tests="1" name="com.qa.tutorialsninja.TestCases.ShoppingCartTest" time="4.158" errors="0" timestamp="2023-12-23T15:19:17 EST" skipped="0">
  <testcase classname="com.qa.tutorialsninja.TestCases.ShoppingCartTest" name="verifyShoppingCart" time="4.158"/>
</testsuite> <!-- com.qa.tutorialsninja.TestCases.ShoppingCartTest -->
