<?xml version="1.0" encoding="UTF-8"?>
<!-- Generated by org.testng.reporters.JUnitReportReporter -->
<testsuite hostname="LAPTOP-J2EHUA6C" failures="0" tests="1" name="com.qa.tutorialsninja.TestCases.RegisterTest" time="6.030" errors="0" timestamp="2023-12-23T15:21:04 EST" skipped="0">
  <testcase classname="com.qa.tutorialsninja.TestCases.RegisterTest" name="verifyRegisterWithValidCredentials" time="6.030"/>
</testsuite> <!-- com.qa.tutorialsninja.TestCases.RegisterTest -->
